{"/Users/emmanuel.duarte/kant/qa-training/src/App.tsx": {"path":"/Users/emmanuel.duarte/kant/qa-training/src/App.tsx","statementMap":{"0":{"start":{"line":1,"column":0},"end":{"line":1,"column":52}},"1":{"start":{"line":4,"column":2},"end":{"line":12,"column":null}},"2":{"start":{"line":15,"column":0},"end":{"line":15,"column":null}}},"fnMap":{"0":{"name":"App","decl":{"start":{"line":3,"column":9},"end":{"line":3,"column":12}},"loc":{"start":{"line":3,"column":12},"end":{"line":13,"column":1}}}},"branchMap":{},"s":{"0":0,"1":0,"2":0},"f":{"0":0},"b":{}}
,"/Users/emmanuel.duarte/kant/qa-training/src/components/Calculator.tsx": {"path":"/Users/emmanuel.duarte/kant/qa-training/src/components/Calculator.tsx","statementMap":{"0":{"start":{"line":1,"column":0},"end":{"line":1,"column":33}},"1":{"start":{"line":2,"column":0},"end":{"line":2,"column":69}},"2":{"start":{"line":4,"column":26},"end":{"line":97,"column":1}},"3":{"start":{"line":5,"column":26},"end":{"line":5,"column":46}},"4":{"start":{"line":6,"column":26},"end":{"line":6,"column":46}},"5":{"start":{"line":7,"column":30},"end":{"line":7,"column":59}},"6":{"start":{"line":8,"column":28},"end":{"line":8,"column":48}},"7":{"start":{"line":10,"column":26},"end":{"line":40,"column":3}},"8":{"start":{"line":11,"column":4},"end":{"line":11,"column":17}},"9":{"start":{"line":12,"column":15},"end":{"line":12,"column":31}},"10":{"start":{"line":13,"column":15},"end":{"line":13,"column":31}},"11":{"start":{"line":15,"column":4},"end":{"line":18,"column":5}},"12":{"start":{"line":16,"column":6},"end":{"line":16,"column":45}},"13":{"start":{"line":17,"column":6},"end":{"line":17,"column":13}},"14":{"start":{"line":20,"column":4},"end":{"line":39,"column":5}},"15":{"start":{"line":21,"column":6},"end":{"line":36,"column":7}},"16":{"start":{"line":23,"column":10},"end":{"line":23,"column":33}},"17":{"start":{"line":24,"column":10},"end":{"line":24,"column":16}},"18":{"start":{"line":26,"column":10},"end":{"line":26,"column":38}},"19":{"start":{"line":27,"column":10},"end":{"line":27,"column":16}},"20":{"start":{"line":29,"column":10},"end":{"line":29,"column":38}},"21":{"start":{"line":30,"column":10},"end":{"line":30,"column":16}},"22":{"start":{"line":32,"column":10},"end":{"line":32,"column":36}},"23":{"start":{"line":33,"column":10},"end":{"line":33,"column":16}},"24":{"start":{"line":35,"column":10},"end":{"line":35,"column":40}},"25":{"start":{"line":38,"column":6},"end":{"line":38,"column":73}},"26":{"start":{"line":42,"column":2},"end":{"line":96,"column":4}},"27":{"start":{"line":49,"column":27},"end":{"line":49,"column":50}},"28":{"start":{"line":56,"column":27},"end":{"line":56,"column":50}},"29":{"start":{"line":63,"column":25},"end":{"line":63,"column":47}},"30":{"start":{"line":69,"column":25},"end":{"line":69,"column":52}},"31":{"start":{"line":75,"column":25},"end":{"line":75,"column":52}},"32":{"start":{"line":81,"column":25},"end":{"line":81,"column":50}},"33":{"start":{"line":87,"column":25},"end":{"line":87,"column":54}},"34":{"start":{"line":4,"column":13},"end":{"line":4,"column":26}}},"fnMap":{"0":{"name":"(anonymous_0)","decl":{"start":{"line":4,"column":26},"end":{"line":4,"column":29}},"loc":{"start":{"line":4,"column":31},"end":{"line":97,"column":1}}},"1":{"name":"(anonymous_1)","decl":{"start":{"line":10,"column":26},"end":{"line":10,"column":27}},"loc":{"start":{"line":10,"column":48},"end":{"line":40,"column":3}}},"2":{"name":"(anonymous_2)","decl":{"start":{"line":49,"column":20},"end":{"line":49,"column":21}},"loc":{"start":{"line":49,"column":27},"end":{"line":49,"column":50}}},"3":{"name":"(anonymous_3)","decl":{"start":{"line":56,"column":20},"end":{"line":56,"column":21}},"loc":{"start":{"line":56,"column":27},"end":{"line":56,"column":50}}},"4":{"name":"(anonymous_4)","decl":{"start":{"line":63,"column":19},"end":{"line":63,"column":22}},"loc":{"start":{"line":63,"column":25},"end":{"line":63,"column":47}}},"5":{"name":"(anonymous_5)","decl":{"start":{"line":69,"column":19},"end":{"line":69,"column":22}},"loc":{"start":{"line":69,"column":25},"end":{"line":69,"column":52}}},"6":{"name":"(anonymous_6)","decl":{"start":{"line":75,"column":19},"end":{"line":75,"column":22}},"loc":{"start":{"line":75,"column":25},"end":{"line":75,"column":52}}},"7":{"name":"(anonymous_7)","decl":{"start":{"line":81,"column":19},"end":{"line":81,"column":22}},"loc":{"start":{"line":81,"column":25},"end":{"line":81,"column":50}}},"8":{"name":"(anonymous_8)","decl":{"start":{"line":87,"column":19},"end":{"line":87,"column":22}},"loc":{"start":{"line":87,"column":25},"end":{"line":87,"column":54}}}},"branchMap":{"0":{"loc":{"start":{"line":15,"column":4},"end":{"line":18,"column":5}},"type":"if","locations":[{"start":{"line":15,"column":4},"end":{"line":18,"column":5}}]},"1":{"loc":{"start":{"line":15,"column":8},"end":{"line":15,"column":30}},"type":"binary-expr","locations":[{"start":{"line":15,"column":8},"end":{"line":15,"column":17}},{"start":{"line":15,"column":21},"end":{"line":15,"column":30}}]},"2":{"loc":{"start":{"line":21,"column":6},"end":{"line":36,"column":7}},"type":"switch","locations":[{"start":{"line":22,"column":8},"end":{"line":24,"column":16}},{"start":{"line":25,"column":8},"end":{"line":27,"column":16}},{"start":{"line":28,"column":8},"end":{"line":30,"column":16}},{"start":{"line":31,"column":8},"end":{"line":33,"column":16}},{"start":{"line":34,"column":8},"end":{"line":35,"column":40}}]},"3":{"loc":{"start":{"line":38,"column":15},"end":{"line":38,"column":71}},"type":"cond-expr","locations":[{"start":{"line":38,"column":38},"end":{"line":38,"column":49}},{"start":{"line":38,"column":52},"end":{"line":38,"column":71}}]},"4":{"loc":{"start":{"line":93,"column":7},"end":{"line":93,"column":80}},"type":"binary-expr","locations":[{"start":{"line":93,"column":7},"end":{"line":93,"column":12}},{"start":{"line":93,"column":16},"end":{"line":93,"column":80}}]},"5":{"loc":{"start":{"line":94,"column":7},"end":{"line":94,"column":91}},"type":"binary-expr","locations":[{"start":{"line":94,"column":7},"end":{"line":94,"column":20}},{"start":{"line":94,"column":24},"end":{"line":94,"column":91}}]}},"s":{"0":1,"1":1,"2":1,"3":24,"4":24,"5":24,"6":24,"7":24,"8":6,"9":6,"10":6,"11":6,"12":1,"13":1,"14":5,"15":5,"16":1,"17":1,"18":1,"19":1,"20":0,"21":0,"22":2,"23":1,"24":1,"25":1,"26":24,"27":5,"28":6,"29":2,"30":1,"31":0,"32":2,"33":1,"34":1},"f":{"0":24,"1":6,"2":5,"3":6,"4":2,"5":1,"6":0,"7":2,"8":1},"b":{"0":[1],"1":[6,5],"2":[1,1,0,2,1],"3":[1,0],"4":[24,3],"5":[24,3]}}
,"/Users/emmanuel.duarte/kant/qa-training/src/utils/mathUtils.ts": {"path":"/Users/emmanuel.duarte/kant/qa-training/src/utils/mathUtils.ts","statementMap":{"0":{"start":{"line":7,"column":19},"end":{"line":7,"column":58}},"1":{"start":{"line":7,"column":53},"end":{"line":7,"column":58}},"2":{"start":{"line":7,"column":13},"end":{"line":7,"column":19}},"3":{"start":{"line":15,"column":24},"end":{"line":15,"column":63}},"4":{"start":{"line":15,"column":58},"end":{"line":15,"column":63}},"5":{"start":{"line":15,"column":13},"end":{"line":15,"column":24}},"6":{"start":{"line":23,"column":24},"end":{"line":23,"column":63}},"7":{"start":{"line":23,"column":58},"end":{"line":23,"column":63}},"8":{"start":{"line":23,"column":13},"end":{"line":23,"column":24}},"9":{"start":{"line":32,"column":22},"end":{"line":37,"column":1}},"10":{"start":{"line":33,"column":2},"end":{"line":35,"column":3}},"11":{"start":{"line":34,"column":4},"end":{"line":34,"column":55}},"12":{"start":{"line":36,"column":2},"end":{"line":36,"column":15}},"13":{"start":{"line":32,"column":13},"end":{"line":32,"column":22}}},"fnMap":{"0":{"name":"(anonymous_0)","decl":{"start":{"line":7,"column":19},"end":{"line":7,"column":20}},"loc":{"start":{"line":7,"column":53},"end":{"line":7,"column":58}}},"1":{"name":"(anonymous_1)","decl":{"start":{"line":15,"column":24},"end":{"line":15,"column":25}},"loc":{"start":{"line":15,"column":58},"end":{"line":15,"column":63}}},"2":{"name":"(anonymous_2)","decl":{"start":{"line":23,"column":24},"end":{"line":23,"column":25}},"loc":{"start":{"line":23,"column":58},"end":{"line":23,"column":63}}},"3":{"name":"(anonymous_3)","decl":{"start":{"line":32,"column":22},"end":{"line":32,"column":23}},"loc":{"start":{"line":32,"column":55},"end":{"line":37,"column":1}}}},"branchMap":{"0":{"loc":{"start":{"line":33,"column":2},"end":{"line":35,"column":3}},"type":"if","locations":[{"start":{"line":33,"column":2},"end":{"line":35,"column":3}}]}},"s":{"0":2,"1":4,"2":2,"3":2,"4":4,"5":2,"6":2,"7":3,"8":2,"9":2,"10":5,"11":2,"12":3,"13":2},"f":{"0":4,"1":4,"2":3,"3":5},"b":{"0":[2]}}
}
