{"/Users/emmanuel.duarte/kant/qa-training/src/App.tsx": {"path":"/Users/emmanuel.duarte/kant/qa-training/src/App.tsx","statementMap":{"0":{"start":{"line":1,"column":0},"end":{"line":1,"column":74}},"1":{"start":{"line":2,"column":0},"end":{"line":2,"column":53}},"2":{"start":{"line":3,"column":0},"end":{"line":3,"column":56}},"3":{"start":{"line":4,"column":0},"end":{"line":4,"column":50}},"4":{"start":{"line":7,"column":2},"end":{"line":18,"column":4}},"5":{"start":{"line":21,"column":0},"end":{"line":21,"column":19}}},"fnMap":{"0":{"name":"App","decl":{"start":{"line":6,"column":9},"end":{"line":6,"column":12}},"loc":{"start":{"line":6,"column":12},"end":{"line":19,"column":1}}}},"branchMap":{},"s":{"0":1,"1":1,"2":1,"3":1,"4":2,"5":1},"f":{"0":2},"b":{}}
,"/Users/emmanuel.duarte/kant/qa-training/src/components/Calculator.tsx": {"path":"/Users/emmanuel.duarte/kant/qa-training/src/components/Calculator.tsx","statementMap":{"0":{"start":{"line":1,"column":0},"end":{"line":1,"column":33}},"1":{"start":{"line":2,"column":0},"end":{"line":2,"column":69}},"2":{"start":{"line":12,"column":26},"end":{"line":124,"column":1}},"3":{"start":{"line":13,"column":28},"end":{"line":13,"column":48}},"4":{"start":{"line":14,"column":28},"end":{"line":14,"column":48}},"5":{"start":{"line":15,"column":32},"end":{"line":15,"column":61}},"6":{"start":{"line":16,"column":30},"end":{"line":16,"column":50}},"7":{"start":{"line":18,"column":26},"end":{"line":31,"column":5}},"8":{"start":{"line":19,"column":41},"end":{"line":25,"column":10}},"9":{"start":{"line":27,"column":29},"end":{"line":27,"column":72}},"10":{"start":{"line":28,"column":39},"end":{"line":28,"column":83}},"11":{"start":{"line":29,"column":8},"end":{"line":29,"column":37}},"12":{"start":{"line":30,"column":8},"end":{"line":30,"column":77}},"13":{"start":{"line":33,"column":28},"end":{"line":67,"column":5}},"14":{"start":{"line":34,"column":8},"end":{"line":34,"column":21}},"15":{"start":{"line":35,"column":19},"end":{"line":35,"column":35}},"16":{"start":{"line":36,"column":19},"end":{"line":36,"column":35}},"17":{"start":{"line":38,"column":8},"end":{"line":41,"column":9}},"18":{"start":{"line":39,"column":12},"end":{"line":39,"column":51}},"19":{"start":{"line":40,"column":12},"end":{"line":40,"column":19}},"20":{"start":{"line":43,"column":8},"end":{"line":66,"column":9}},"21":{"start":{"line":45,"column":12},"end":{"line":61,"column":13}},"22":{"start":{"line":47,"column":20},"end":{"line":47,"column":51}},"23":{"start":{"line":48,"column":20},"end":{"line":48,"column":26}},"24":{"start":{"line":50,"column":20},"end":{"line":50,"column":56}},"25":{"start":{"line":51,"column":20},"end":{"line":51,"column":26}},"26":{"start":{"line":53,"column":20},"end":{"line":53,"column":56}},"27":{"start":{"line":54,"column":20},"end":{"line":54,"column":26}},"28":{"start":{"line":56,"column":20},"end":{"line":56,"column":54}},"29":{"start":{"line":57,"column":20},"end":{"line":57,"column":26}},"30":{"start":{"line":59,"column":20},"end":{"line":59,"column":50}},"31":{"start":{"line":60,"column":20},"end":{"line":60,"column":27}},"32":{"start":{"line":62,"column":12},"end":{"line":62,"column":40}},"33":{"start":{"line":63,"column":12},"end":{"line":63,"column":63}},"34":{"start":{"line":65,"column":12},"end":{"line":65,"column":79}},"35":{"start":{"line":69,"column":4},"end":{"line":123,"column":6}},"36":{"start":{"line":76,"column":37},"end":{"line":76,"column":60}},"37":{"start":{"line":83,"column":37},"end":{"line":83,"column":60}},"38":{"start":{"line":90,"column":35},"end":{"line":90,"column":57}},"39":{"start":{"line":96,"column":35},"end":{"line":96,"column":62}},"40":{"start":{"line":102,"column":35},"end":{"line":102,"column":62}},"41":{"start":{"line":108,"column":35},"end":{"line":108,"column":60}},"42":{"start":{"line":114,"column":35},"end":{"line":114,"column":64}},"43":{"start":{"line":12,"column":13},"end":{"line":12,"column":26}}},"fnMap":{"0":{"name":"(anonymous_0)","decl":{"start":{"line":12,"column":26},"end":{"line":12,"column":29}},"loc":{"start":{"line":12,"column":31},"end":{"line":124,"column":1}}},"1":{"name":"(anonymous_1)","decl":{"start":{"line":18,"column":26},"end":{"line":18,"column":27}},"loc":{"start":{"line":18,"column":88},"end":{"line":31,"column":5}}},"2":{"name":"(anonymous_2)","decl":{"start":{"line":33,"column":28},"end":{"line":33,"column":29}},"loc":{"start":{"line":33,"column":50},"end":{"line":67,"column":5}}},"3":{"name":"(anonymous_3)","decl":{"start":{"line":76,"column":30},"end":{"line":76,"column":31}},"loc":{"start":{"line":76,"column":37},"end":{"line":76,"column":60}}},"4":{"name":"(anonymous_4)","decl":{"start":{"line":83,"column":30},"end":{"line":83,"column":31}},"loc":{"start":{"line":83,"column":37},"end":{"line":83,"column":60}}},"5":{"name":"(anonymous_5)","decl":{"start":{"line":90,"column":29},"end":{"line":90,"column":32}},"loc":{"start":{"line":90,"column":35},"end":{"line":90,"column":57}}},"6":{"name":"(anonymous_6)","decl":{"start":{"line":96,"column":29},"end":{"line":96,"column":32}},"loc":{"start":{"line":96,"column":35},"end":{"line":96,"column":62}}},"7":{"name":"(anonymous_7)","decl":{"start":{"line":102,"column":29},"end":{"line":102,"column":32}},"loc":{"start":{"line":102,"column":35},"end":{"line":102,"column":62}}},"8":{"name":"(anonymous_8)","decl":{"start":{"line":108,"column":29},"end":{"line":108,"column":32}},"loc":{"start":{"line":108,"column":35},"end":{"line":108,"column":60}}},"9":{"name":"(anonymous_9)","decl":{"start":{"line":114,"column":29},"end":{"line":114,"column":32}},"loc":{"start":{"line":114,"column":35},"end":{"line":114,"column":64}}}},"branchMap":{"0":{"loc":{"start":{"line":28,"column":39},"end":{"line":28,"column":83}},"type":"cond-expr","locations":[{"start":{"line":28,"column":54},"end":{"line":28,"column":78}},{"start":{"line":28,"column":81},"end":{"line":28,"column":83}}]},"1":{"loc":{"start":{"line":38,"column":8},"end":{"line":41,"column":9}},"type":"if","locations":[{"start":{"line":38,"column":8},"end":{"line":41,"column":9}}]},"2":{"loc":{"start":{"line":38,"column":12},"end":{"line":38,"column":34}},"type":"binary-expr","locations":[{"start":{"line":38,"column":12},"end":{"line":38,"column":21}},{"start":{"line":38,"column":25},"end":{"line":38,"column":34}}]},"3":{"loc":{"start":{"line":45,"column":12},"end":{"line":61,"column":13}},"type":"switch","locations":[{"start":{"line":46,"column":16},"end":{"line":48,"column":26}},{"start":{"line":49,"column":16},"end":{"line":51,"column":26}},{"start":{"line":52,"column":16},"end":{"line":54,"column":26}},{"start":{"line":55,"column":16},"end":{"line":57,"column":26}},{"start":{"line":58,"column":16},"end":{"line":60,"column":27}}]},"4":{"loc":{"start":{"line":65,"column":21},"end":{"line":65,"column":77}},"type":"cond-expr","locations":[{"start":{"line":65,"column":44},"end":{"line":65,"column":55}},{"start":{"line":65,"column":58},"end":{"line":65,"column":77}}]},"5":{"loc":{"start":{"line":120,"column":13},"end":{"line":120,"column":86}},"type":"binary-expr","locations":[{"start":{"line":120,"column":13},"end":{"line":120,"column":18}},{"start":{"line":120,"column":22},"end":{"line":120,"column":86}}]},"6":{"loc":{"start":{"line":121,"column":13},"end":{"line":121,"column":97}},"type":"binary-expr","locations":[{"start":{"line":121,"column":13},"end":{"line":121,"column":26}},{"start":{"line":121,"column":30},"end":{"line":121,"column":97}}]}},"s":{"0":2,"1":2,"2":2,"3":29,"4":29,"5":29,"6":29,"7":29,"8":4,"9":4,"10":4,"11":4,"12":4,"13":29,"14":7,"15":7,"16":7,"17":7,"18":1,"19":1,"20":6,"21":6,"22":2,"23":2,"24":1,"25":1,"26":0,"27":0,"28":2,"29":1,"30":1,"31":1,"32":4,"33":4,"34":1,"35":29,"36":6,"37":7,"38":3,"39":1,"40":0,"41":2,"42":1,"43":2},"f":{"0":29,"1":4,"2":7,"3":6,"4":7,"5":3,"6":1,"7":0,"8":2,"9":1},"b":{"0":[2,2],"1":[1],"2":[7,6],"3":[2,1,0,2,1],"4":[1,0],"5":[29,3],"6":[29,4]}}
,"/Users/emmanuel.duarte/kant/qa-training/src/components/History.tsx": {"path":"/Users/emmanuel.duarte/kant/qa-training/src/components/History.tsx","statementMap":{"0":{"start":{"line":1,"column":0},"end":{"line":1,"column":44}},"1":{"start":{"line":11,"column":23},"end":{"line":65,"column":1}},"2":{"start":{"line":12,"column":32},"end":{"line":12,"column":59}},"3":{"start":{"line":14,"column":2},"end":{"line":19,"column":9}},"4":{"start":{"line":15,"column":25},"end":{"line":15,"column":68}},"5":{"start":{"line":16,"column":4},"end":{"line":18,"column":5}},"6":{"start":{"line":17,"column":6},"end":{"line":17,"column":43}},"7":{"start":{"line":21,"column":23},"end":{"line":24,"column":3}},"8":{"start":{"line":22,"column":4},"end":{"line":22,"column":51}},"9":{"start":{"line":23,"column":4},"end":{"line":23,"column":19}},"10":{"start":{"line":26,"column":2},"end":{"line":33,"column":3}},"11":{"start":{"line":27,"column":4},"end":{"line":32,"column":6}},"12":{"start":{"line":35,"column":2},"end":{"line":64,"column":4}},"13":{"start":{"line":53,"column":12},"end":{"line":53,"column":null}},"14":{"start":{"line":11,"column":13},"end":{"line":11,"column":23}}},"fnMap":{"0":{"name":"(anonymous_0)","decl":{"start":{"line":11,"column":23},"end":{"line":11,"column":26}},"loc":{"start":{"line":11,"column":28},"end":{"line":65,"column":1}}},"1":{"name":"(anonymous_1)","decl":{"start":{"line":14,"column":12},"end":{"line":14,"column":15}},"loc":{"start":{"line":14,"column":17},"end":{"line":19,"column":3}}},"2":{"name":"(anonymous_2)","decl":{"start":{"line":21,"column":23},"end":{"line":21,"column":26}},"loc":{"start":{"line":21,"column":28},"end":{"line":24,"column":3}}},"3":{"name":"(anonymous_3)","decl":{"start":{"line":52,"column":23},"end":{"line":52,"column":24}},"loc":{"start":{"line":53,"column":12},"end":{"line":53,"column":null}}}},"branchMap":{"0":{"loc":{"start":{"line":16,"column":4},"end":{"line":18,"column":5}},"type":"if","locations":[{"start":{"line":16,"column":4},"end":{"line":18,"column":5}}]},"1":{"loc":{"start":{"line":26,"column":2},"end":{"line":33,"column":3}},"type":"if","locations":[{"start":{"line":26,"column":2},"end":{"line":33,"column":3}}]}},"s":{"0":1,"1":1,"2":3,"3":3,"4":1,"5":1,"6":1,"7":3,"8":1,"9":1,"10":3,"11":2,"12":1,"13":1,"14":1},"f":{"0":3,"1":1,"2":1,"3":1},"b":{"0":[1],"1":[2]}}
,"/Users/emmanuel.duarte/kant/qa-training/src/components/Navigation.tsx": {"path":"/Users/emmanuel.duarte/kant/qa-training/src/components/Navigation.tsx","statementMap":{"0":{"start":{"line":1,"column":0},"end":{"line":1,"column":43}},"1":{"start":{"line":3,"column":26},"end":{"line":14,"column":1}},"2":{"start":{"line":4,"column":4},"end":{"line":13,"column":6}},"3":{"start":{"line":6,"column":69},"end":{"line":6,"column":93}},"4":{"start":{"line":9,"column":76},"end":{"line":9,"column":100}},"5":{"start":{"line":3,"column":13},"end":{"line":3,"column":26}}},"fnMap":{"0":{"name":"(anonymous_0)","decl":{"start":{"line":3,"column":26},"end":{"line":3,"column":29}},"loc":{"start":{"line":3,"column":31},"end":{"line":14,"column":1}}},"1":{"name":"(anonymous_1)","decl":{"start":{"line":6,"column":51},"end":{"line":6,"column":52}},"loc":{"start":{"line":6,"column":69},"end":{"line":6,"column":93}}},"2":{"name":"(anonymous_2)","decl":{"start":{"line":9,"column":58},"end":{"line":9,"column":59}},"loc":{"start":{"line":9,"column":76},"end":{"line":9,"column":100}}}},"branchMap":{"0":{"loc":{"start":{"line":6,"column":69},"end":{"line":6,"column":93}},"type":"cond-expr","locations":[{"start":{"line":6,"column":80},"end":{"line":6,"column":88}},{"start":{"line":6,"column":91},"end":{"line":6,"column":93}}]},"1":{"loc":{"start":{"line":9,"column":76},"end":{"line":9,"column":100}},"type":"cond-expr","locations":[{"start":{"line":9,"column":87},"end":{"line":9,"column":95}},{"start":{"line":9,"column":98},"end":{"line":9,"column":100}}]}},"s":{"0":1,"1":1,"2":2,"3":4,"4":4,"5":1},"f":{"0":2,"1":4,"2":4},"b":{"0":[3,1],"1":[1,3]}}
,"/Users/emmanuel.duarte/kant/qa-training/src/pages/CalculatorPage.tsx": {"path":"/Users/emmanuel.duarte/kant/qa-training/src/pages/CalculatorPage.tsx","statementMap":{"0":{"start":{"line":1,"column":0},"end":{"line":1,"column":54}},"1":{"start":{"line":3,"column":30},"end":{"line":13,"column":1}},"2":{"start":{"line":4,"column":2},"end":{"line":12,"column":4}},"3":{"start":{"line":3,"column":13},"end":{"line":3,"column":30}}},"fnMap":{"0":{"name":"(anonymous_0)","decl":{"start":{"line":3,"column":30},"end":{"line":3,"column":33}},"loc":{"start":{"line":3,"column":35},"end":{"line":13,"column":1}}}},"branchMap":{},"s":{"0":1,"1":1,"2":2,"3":1},"f":{"0":2},"b":{}}
,"/Users/emmanuel.duarte/kant/qa-training/src/pages/HistoryPage.tsx": {"path":"/Users/emmanuel.duarte/kant/qa-training/src/pages/HistoryPage.tsx","statementMap":{"0":{"start":{"line":1,"column":0},"end":{"line":1,"column":48}},"1":{"start":{"line":3,"column":27},"end":{"line":13,"column":1}},"2":{"start":{"line":4,"column":2},"end":{"line":12,"column":4}},"3":{"start":{"line":3,"column":13},"end":{"line":3,"column":27}}},"fnMap":{"0":{"name":"(anonymous_0)","decl":{"start":{"line":3,"column":27},"end":{"line":3,"column":30}},"loc":{"start":{"line":3,"column":32},"end":{"line":13,"column":1}}}},"branchMap":{},"s":{"0":1,"1":1,"2":1,"3":1},"f":{"0":1},"b":{}}
,"/Users/emmanuel.duarte/kant/qa-training/src/utils/mathUtils.ts": {"path":"/Users/emmanuel.duarte/kant/qa-training/src/utils/mathUtils.ts","statementMap":{"0":{"start":{"line":7,"column":19},"end":{"line":7,"column":58}},"1":{"start":{"line":7,"column":53},"end":{"line":7,"column":58}},"2":{"start":{"line":7,"column":13},"end":{"line":7,"column":19}},"3":{"start":{"line":15,"column":24},"end":{"line":15,"column":63}},"4":{"start":{"line":15,"column":58},"end":{"line":15,"column":63}},"5":{"start":{"line":15,"column":13},"end":{"line":15,"column":24}},"6":{"start":{"line":23,"column":24},"end":{"line":23,"column":63}},"7":{"start":{"line":23,"column":58},"end":{"line":23,"column":63}},"8":{"start":{"line":23,"column":13},"end":{"line":23,"column":24}},"9":{"start":{"line":32,"column":22},"end":{"line":37,"column":1}},"10":{"start":{"line":33,"column":4},"end":{"line":35,"column":5}},"11":{"start":{"line":34,"column":8},"end":{"line":34,"column":59}},"12":{"start":{"line":36,"column":4},"end":{"line":36,"column":17}},"13":{"start":{"line":32,"column":13},"end":{"line":32,"column":22}}},"fnMap":{"0":{"name":"(anonymous_0)","decl":{"start":{"line":7,"column":19},"end":{"line":7,"column":20}},"loc":{"start":{"line":7,"column":53},"end":{"line":7,"column":58}}},"1":{"name":"(anonymous_1)","decl":{"start":{"line":15,"column":24},"end":{"line":15,"column":25}},"loc":{"start":{"line":15,"column":58},"end":{"line":15,"column":63}}},"2":{"name":"(anonymous_2)","decl":{"start":{"line":23,"column":24},"end":{"line":23,"column":25}},"loc":{"start":{"line":23,"column":58},"end":{"line":23,"column":63}}},"3":{"name":"(anonymous_3)","decl":{"start":{"line":32,"column":22},"end":{"line":32,"column":23}},"loc":{"start":{"line":32,"column":55},"end":{"line":37,"column":1}}}},"branchMap":{"0":{"loc":{"start":{"line":33,"column":4},"end":{"line":35,"column":5}},"type":"if","locations":[{"start":{"line":33,"column":4},"end":{"line":35,"column":5}}]}},"s":{"0":3,"1":5,"2":3,"3":3,"4":4,"5":3,"6":3,"7":3,"8":3,"9":3,"10":5,"11":2,"12":3,"13":3},"f":{"0":5,"1":4,"2":3,"3":5},"b":{"0":[2]}}
}
