TN:
SF:src/App.tsx
FN:3,App
FNF:1
FNH:0
FNDA:0,App
DA:1,0
DA:4,0
DA:15,0
LF:3
LH:0
BRF:0
BRH:0
end_of_record
TN:
SF:src/components/Calculator.tsx
FN:4,(anonymous_0)
FN:10,(anonymous_1)
FN:49,(anonymous_2)
FN:56,(anonymous_3)
FN:63,(anonymous_4)
FN:69,(anonymous_5)
FN:75,(anonymous_6)
FN:81,(anonymous_7)
FN:87,(anonymous_8)
FNF:9
FNH:8
FNDA:24,(anonymous_0)
FNDA:6,(anonymous_1)
FNDA:5,(anonymous_2)
FNDA:6,(anonymous_3)
FNDA:2,(anonymous_4)
FNDA:1,(anonymous_5)
FNDA:0,(anonymous_6)
FNDA:2,(anonymous_7)
FNDA:1,(anonymous_8)
DA:1,1
DA:2,1
DA:4,1
DA:5,24
DA:6,24
DA:7,24
DA:8,24
DA:10,24
DA:11,6
DA:12,6
DA:13,6
DA:15,6
DA:16,1
DA:17,1
DA:20,5
DA:21,5
DA:23,1
DA:24,1
DA:26,1
DA:27,1
DA:29,0
DA:30,0
DA:32,2
DA:33,1
DA:35,1
DA:38,1
DA:42,24
DA:49,5
DA:56,6
DA:63,2
DA:69,1
DA:75,0
DA:81,2
DA:87,1
LF:34
LH:31
BRDA:15,0,0,1
BRDA:15,1,0,6
BRDA:15,1,1,5
BRDA:21,2,0,1
BRDA:21,2,1,1
BRDA:21,2,2,0
BRDA:21,2,3,2
BRDA:21,2,4,1
BRDA:38,3,0,1
BRDA:38,3,1,0
BRDA:93,4,0,24
BRDA:93,4,1,3
BRDA:94,5,0,24
BRDA:94,5,1,3
BRF:14
BRH:12
end_of_record
TN:
SF:src/utils/mathUtils.ts
FN:7,(anonymous_0)
FN:15,(anonymous_1)
FN:23,(anonymous_2)
FN:32,(anonymous_3)
FNF:4
FNH:4
FNDA:4,(anonymous_0)
FNDA:4,(anonymous_1)
FNDA:3,(anonymous_2)
FNDA:5,(anonymous_3)
DA:7,4
DA:15,4
DA:23,3
DA:32,2
DA:33,5
DA:34,2
DA:36,3
LF:7
LH:7
BRDA:33,0,0,2
BRF:1
BRH:1
end_of_record
