TN:
SF:src/App.tsx
FN:6,App
FNF:1
FNH:1
FNDA:2,App
DA:1,1
DA:2,1
DA:3,1
DA:4,1
DA:7,2
DA:21,1
LF:6
LH:6
BRF:0
BRH:0
end_of_record
TN:
SF:src/components/Calculator.tsx
FN:12,(anonymous_0)
FN:18,(anonymous_1)
FN:33,(anonymous_2)
FN:76,(anonymous_3)
FN:83,(anonymous_4)
FN:90,(anonymous_5)
FN:96,(anonymous_6)
FN:102,(anonymous_7)
FN:108,(anonymous_8)
FN:114,(anonymous_9)
FNF:10
FNH:9
FNDA:29,(anonymous_0)
FNDA:4,(anonymous_1)
FNDA:7,(anonymous_2)
FNDA:6,(anonymous_3)
FNDA:7,(anonymous_4)
FNDA:3,(anonymous_5)
FNDA:1,(anonymous_6)
FNDA:0,(anonymous_7)
FNDA:2,(anonymous_8)
FNDA:1,(anonymous_9)
DA:1,2
DA:2,2
DA:12,2
DA:13,29
DA:14,29
DA:15,29
DA:16,29
DA:18,29
DA:19,4
DA:27,4
DA:28,4
DA:29,4
DA:30,4
DA:33,29
DA:34,7
DA:35,7
DA:36,7
DA:38,7
DA:39,1
DA:40,1
DA:43,6
DA:45,6
DA:47,2
DA:48,2
DA:50,1
DA:51,1
DA:53,0
DA:54,0
DA:56,2
DA:57,1
DA:59,1
DA:60,1
DA:62,4
DA:63,4
DA:65,1
DA:69,29
DA:76,6
DA:83,7
DA:90,3
DA:96,1
DA:102,0
DA:108,2
DA:114,1
LF:43
LH:40
BRDA:28,0,0,2
BRDA:28,0,1,2
BRDA:38,1,0,1
BRDA:38,2,0,7
BRDA:38,2,1,6
BRDA:45,3,0,2
BRDA:45,3,1,1
BRDA:45,3,2,0
BRDA:45,3,3,2
BRDA:45,3,4,1
BRDA:65,4,0,1
BRDA:65,4,1,0
BRDA:120,5,0,29
BRDA:120,5,1,3
BRDA:121,6,0,29
BRDA:121,6,1,4
BRF:16
BRH:14
end_of_record
TN:
SF:src/components/History.tsx
FN:11,(anonymous_0)
FN:14,(anonymous_1)
FN:21,(anonymous_2)
FN:52,(anonymous_3)
FNF:4
FNH:4
FNDA:3,(anonymous_0)
FNDA:1,(anonymous_1)
FNDA:1,(anonymous_2)
FNDA:1,(anonymous_3)
DA:1,1
DA:11,1
DA:12,3
DA:14,3
DA:15,1
DA:16,1
DA:17,1
DA:21,3
DA:22,1
DA:23,1
DA:26,3
DA:27,2
DA:35,1
DA:53,1
LF:14
LH:14
BRDA:16,0,0,1
BRDA:26,1,0,2
BRF:2
BRH:2
end_of_record
TN:
SF:src/components/Navigation.tsx
FN:3,(anonymous_0)
FN:6,(anonymous_1)
FN:9,(anonymous_2)
FNF:3
FNH:3
FNDA:2,(anonymous_0)
FNDA:4,(anonymous_1)
FNDA:4,(anonymous_2)
DA:1,1
DA:3,1
DA:4,2
DA:6,4
DA:9,4
LF:5
LH:5
BRDA:6,0,0,3
BRDA:6,0,1,1
BRDA:9,1,0,1
BRDA:9,1,1,3
BRF:4
BRH:4
end_of_record
TN:
SF:src/pages/CalculatorPage.tsx
FN:3,(anonymous_0)
FNF:1
FNH:1
FNDA:2,(anonymous_0)
DA:1,1
DA:3,1
DA:4,2
LF:3
LH:3
BRF:0
BRH:0
end_of_record
TN:
SF:src/pages/HistoryPage.tsx
FN:3,(anonymous_0)
FNF:1
FNH:1
FNDA:1,(anonymous_0)
DA:1,1
DA:3,1
DA:4,1
LF:3
LH:3
BRF:0
BRH:0
end_of_record
TN:
SF:src/utils/mathUtils.ts
FN:7,(anonymous_0)
FN:15,(anonymous_1)
FN:23,(anonymous_2)
FN:32,(anonymous_3)
FNF:4
FNH:4
FNDA:5,(anonymous_0)
FNDA:4,(anonymous_1)
FNDA:3,(anonymous_2)
FNDA:5,(anonymous_3)
DA:7,5
DA:15,4
DA:23,3
DA:32,3
DA:33,5
DA:34,2
DA:36,3
LF:7
LH:7
BRDA:33,0,0,2
BRF:1
BRH:1
end_of_record
